<?xml version="1.0" encoding="UTF-8"?>
<!-- Generated by org.testng.reporters.JUnitReportReporter -->
<testsuite hostname="Saba" failures="0" tests="1" name="testYantra.CreateContactsTest" time="30.990" errors="0" timestamp="2024-02-02T10:12:51 IST" skipped="0">
  <testcase classname="testYantra.CreateContactsTest" name="createContact" time="30.990"/>
  <system-out>
    <![CDATA[Test case passed]]>
  </system-out>
</testsuite> <!-- testYantra.CreateContactsTest -->
