<?xml version="1.0" encoding="UTF-8"?>
<!-- Generated by org.testng.reporters.JUnitReportReporter -->
<testsuite hostname="Saba" failures="0" tests="1" name="testYantra.CreateOrganisationTest" time="53.318" errors="0" timestamp="2024-02-05T09:34:53 IST" skipped="0">
  <testcase classname="testYantra.CreateOrganisationTest" name="createOrganisation" time="53.318"/>
  <system-out>
    <![CDATA[test case is passed]]>
  </system-out>
</testsuite> <!-- testYantra.CreateOrganisationTest -->
